
> frontend@0.1.0 start
> react-scripts start

(node:2357) [DEP_WEBPACK_DEV_SERVER_ON_AFTER_SETUP_MIDDLEWARE] DeprecationWarning: 'onAfterSetupMiddleware' option is deprecated. Please use the 'setupMiddlewares' option.
(Use `node --trace-deprecation ...` to show where the warning was created)
(node:2357) [DEP_WEBPACK_DEV_SERVER_ON_BEFORE_SETUP_MIDDLEWARE] DeprecationWarning: 'onBeforeSetupMiddleware' option is deprecated. Please use the 'setupMiddlewares' option.
Starting the development server...

Compiled successfully!

You can now view frontend in the browser.

  Local:            http://localhost:3000
  On Your Network:  http://10.64.130.8:3000

Note that the development build is not optimized.
To create a production build, use yarn build.

webpack compiled successfully
Compiling...
[0;33mOne of your dependencies, babel-preset-react-app, is importing the
"@babel/plugin-proposal-private-property-in-object" package without
declaring it in its dependencies. This is currently working because
"@babel/plugin-proposal-private-property-in-object" is already in your
node_modules folder for unrelated reasons, but it [1mmay break at any time[0;33m.

babel-preset-react-app is part of the create-react-app project, [1mwhich
is not maintianed anymore[0;33m. It is thus unlikely that this bug will
ever be fixed. Add "@babel/plugin-proposal-private-property-in-object" to
your devDependencies to work around this error. This will make this message
go away.[0m
  
Failed to compile.

Module not found: Error: Can't resolve './pages/PropertyList' in '/app/frontend/src'
ERROR in ./src/App.js 10:0-48
Module not found: Error: Can't resolve './pages/PropertyList' in '/app/frontend/src'

ERROR in ./src/App.js 11:0-52
Module not found: Error: Can't resolve './pages/PropertyDetail' in '/app/frontend/src'

ERROR in ./src/App.js 12:0-38
Module not found: Error: Can't resolve './pages/AboutUs' in '/app/frontend/src'

ERROR in ./src/App.js 13:0-38
Module not found: Error: Can't resolve './pages/Contact' in '/app/frontend/src'

ERROR in ./src/App.js 14:0-32
Module not found: Error: Can't resolve './pages/Blog' in '/app/frontend/src'

ERROR in ./src/App.js 15:0-40
Module not found: Error: Can't resolve './pages/BlogPost' in '/app/frontend/src'

ERROR in ./src/App.js 16:0-44
Module not found: Error: Can't resolve './pages/AdminLogin' in '/app/frontend/src'

ERROR in ./src/App.js 17:0-52
Module not found: Error: Can't resolve './pages/AdminDashboard' in '/app/frontend/src'

ERROR in ./src/App.js 18:0-40
Module not found: Error: Can't resolve './pages/NotFound' in '/app/frontend/src'

ERROR in ./src/components/properties/PropertyCard.js 4:0-29
Module not found: Error: Can't resolve 'next/link' in '/app/frontend/src/components/properties'

ERROR in ./src/components/properties/PropertyCard.js 5:0-31
Module not found: Error: Can't resolve 'next/image' in '/app/frontend/src/components/properties'

ERROR in ./src/components/properties/PropertyCard.js 6:0-91
Module not found: Error: Can't resolve '@/components/ui/Icons' in '/app/frontend/src/components/properties'

ERROR in ./src/pages/Home.js 9:0-105
Module not found: Error: Can't resolve '@heroicons/react/24/outline' in '/app/frontend/src/pages'

webpack compiled with 13 errors
Compiling...
Failed to compile.

Module not found: Error: Can't resolve './pages/AboutUs' in '/app/frontend/src'
ERROR in ./src/App.js 12:0-38
Module not found: Error: Can't resolve './pages/AboutUs' in '/app/frontend/src'

ERROR in ./src/App.js 13:0-38
Module not found: Error: Can't resolve './pages/Contact' in '/app/frontend/src'

ERROR in ./src/App.js 14:0-32
Module not found: Error: Can't resolve './pages/Blog' in '/app/frontend/src'

ERROR in ./src/App.js 15:0-40
Module not found: Error: Can't resolve './pages/BlogPost' in '/app/frontend/src'

ERROR in ./src/App.js 16:0-44
Module not found: Error: Can't resolve './pages/AdminLogin' in '/app/frontend/src'

ERROR in ./src/App.js 17:0-52
Module not found: Error: Can't resolve './pages/AdminDashboard' in '/app/frontend/src'

ERROR in ./src/App.js 18:0-40
Module not found: Error: Can't resolve './pages/NotFound' in '/app/frontend/src'

ERROR in ./src/pages/Home.js 9:0-105
Module not found: Error: Can't resolve '@heroicons/react/24/outline' in '/app/frontend/src/pages'

webpack compiled with 8 errors
Compiling...
Failed to compile.

Module not found: Error: Can't resolve './pages/AboutUs' in '/app/frontend/src'
ERROR in ./src/App.js 12:0-38
Module not found: Error: Can't resolve './pages/AboutUs' in '/app/frontend/src'

ERROR in ./src/App.js 13:0-38
Module not found: Error: Can't resolve './pages/Contact' in '/app/frontend/src'

ERROR in ./src/App.js 14:0-32
Module not found: Error: Can't resolve './pages/Blog' in '/app/frontend/src'

ERROR in ./src/App.js 15:0-40
Module not found: Error: Can't resolve './pages/BlogPost' in '/app/frontend/src'

ERROR in ./src/pages/Home.js 9:0-105
Module not found: Error: Can't resolve '@heroicons/react/24/outline' in '/app/frontend/src/pages'

webpack compiled with 5 errors
Compiling...
Failed to compile.

Module not found: Error: Can't resolve './pages/AboutUs' in '/app/frontend/src'
LOG from webpack.FileSystemInfo
<w> Managed item /app/frontend/node_modules/@heroicons/react isn't a directory or doesn't contain a package.json (see snapshot.managedPaths option)
+ 13 hidden lines

ERROR in ./src/App.js 12:0-38
Module not found: Error: Can't resolve './pages/AboutUs' in '/app/frontend/src'

ERROR in ./src/App.js 13:0-38
Module not found: Error: Can't resolve './pages/Contact' in '/app/frontend/src'

ERROR in ./src/App.js 14:0-32
Module not found: Error: Can't resolve './pages/Blog' in '/app/frontend/src'

ERROR in ./src/App.js 15:0-40
Module not found: Error: Can't resolve './pages/BlogPost' in '/app/frontend/src'

ERROR in ./src/pages/Home.js 9:0-105
Module not found: Error: Can't resolve '@heroicons/react/24/outline' in '/app/frontend/src/pages'

webpack compiled with 5 errors
Compiling...
Failed to compile.

Module not found: Error: Can't resolve './pages/AboutUs' in '/app/frontend/src'
LOG from webpack.FileSystemInfo
<w> Managed item /app/frontend/node_modules/@heroicons/react isn't a directory or doesn't contain a package.json (see snapshot.managedPaths option)
+ 13 hidden lines

ERROR in ./src/App.js 12:0-38
Module not found: Error: Can't resolve './pages/AboutUs' in '/app/frontend/src'

ERROR in ./src/App.js 13:0-38
Module not found: Error: Can't resolve './pages/Contact' in '/app/frontend/src'

ERROR in ./src/App.js 14:0-32
Module not found: Error: Can't resolve './pages/Blog' in '/app/frontend/src'

ERROR in ./src/App.js 15:0-40
Module not found: Error: Can't resolve './pages/BlogPost' in '/app/frontend/src'

ERROR in ./src/pages/Home.js 9:0-105
Module not found: Error: Can't resolve '@heroicons/react/24/outline' in '/app/frontend/src/pages'

webpack compiled with 5 errors
Compiling...
Failed to compile.

Module not found: Error: Can't resolve './pages/AboutUs' in '/app/frontend/src'
ERROR in ./src/App.js 12:0-38
Module not found: Error: Can't resolve './pages/AboutUs' in '/app/frontend/src'

ERROR in ./src/App.js 13:0-38
Module not found: Error: Can't resolve './pages/Contact' in '/app/frontend/src'

ERROR in ./src/App.js 14:0-32
Module not found: Error: Can't resolve './pages/Blog' in '/app/frontend/src'

ERROR in ./src/App.js 15:0-40
Module not found: Error: Can't resolve './pages/BlogPost' in '/app/frontend/src'

ERROR in ./src/pages/Home.js 9:0-105
Module not found: Error: Can't resolve '@heroicons/react/24/outline' in '/app/frontend/src/pages'

webpack compiled with 5 errors
Compiling...
Failed to compile.

Module not found: Error: Can't resolve './pages/AboutUs' in '/app/frontend/src'
ERROR in ./src/App.js 12:0-38
Module not found: Error: Can't resolve './pages/AboutUs' in '/app/frontend/src'

ERROR in ./src/App.js 13:0-38
Module not found: Error: Can't resolve './pages/Contact' in '/app/frontend/src'

ERROR in ./src/App.js 14:0-32
Module not found: Error: Can't resolve './pages/Blog' in '/app/frontend/src'

ERROR in ./src/App.js 15:0-40
Module not found: Error: Can't resolve './pages/BlogPost' in '/app/frontend/src'

ERROR in ./src/pages/Home.js 9:0-105
Module not found: Error: Can't resolve '@heroicons/react/24/outline' in '/app/frontend/src/pages'

webpack compiled with 5 errors
Compiling...
Failed to compile.

Module not found: Error: Can't resolve './pages/AboutUs' in '/app/frontend/src'
ERROR in ./src/App.js 12:0-38
Module not found: Error: Can't resolve './pages/AboutUs' in '/app/frontend/src'

ERROR in ./src/App.js 13:0-38
Module not found: Error: Can't resolve './pages/Contact' in '/app/frontend/src'

ERROR in ./src/App.js 14:0-32
Module not found: Error: Can't resolve './pages/Blog' in '/app/frontend/src'

ERROR in ./src/App.js 15:0-40
Module not found: Error: Can't resolve './pages/BlogPost' in '/app/frontend/src'

ERROR in ./src/pages/Home.js 9:0-105
Module not found: Error: Can't resolve '@heroicons/react/24/outline' in '/app/frontend/src/pages'

webpack compiled with 5 errors
Compiling...
Failed to compile.

Module not found: Error: Can't resolve './pages/AboutUs' in '/app/frontend/src'
ERROR in ./src/App.js 12:0-38
Module not found: Error: Can't resolve './pages/AboutUs' in '/app/frontend/src'

ERROR in ./src/App.js 13:0-38
Module not found: Error: Can't resolve './pages/Contact' in '/app/frontend/src'

ERROR in ./src/App.js 14:0-32
Module not found: Error: Can't resolve './pages/Blog' in '/app/frontend/src'

ERROR in ./src/App.js 15:0-40
Module not found: Error: Can't resolve './pages/BlogPost' in '/app/frontend/src'

webpack compiled with 4 errors
Compiling...
Failed to compile.

Module not found: Error: Can't resolve './pages/AboutUs' in '/app/frontend/src'
ERROR in ./src/App.js 12:0-38
Module not found: Error: Can't resolve './pages/AboutUs' in '/app/frontend/src'

ERROR in ./src/App.js 13:0-38
Module not found: Error: Can't resolve './pages/Contact' in '/app/frontend/src'

ERROR in ./src/App.js 14:0-32
Module not found: Error: Can't resolve './pages/Blog' in '/app/frontend/src'

ERROR in ./src/App.js 15:0-40
Module not found: Error: Can't resolve './pages/BlogPost' in '/app/frontend/src'

webpack compiled with 4 errors
